<?xml version="1.0" encoding="UTF-8"?>
<!-- Generated by org.testng.reporters.JUnitXMLReporter -->
<testsuite ignored="2" hostname="mohal" failures="0" tests="16" name="Test search in Chrome" time="9.369" errors="0" timestamp="2024-06-17T22:22:33 IST">
  <testcase classname="TestScenario.TC_LoginPage" name="clickOnUserNameTestCase" time="0.168"/>
  <testcase classname="TestScenario.TC_LoginPage" name="clickOnPasswordTestCase" time="0.089"/>
  <testcase classname="TestScenario.TC_LoginPage" name="clickOnLoginButtonTestCase" time="0.174"/>
  <testcase classname="TestScenario.TC_InventoryPage" name="printProductNamesandPricesTestCase" time="0.393"/>
  <testcase classname="TestScenario.TC_InventoryPage" name="clickOnAddtoCartBackPackTestCase" time="0.069"/>
  <testcase classname="TestScenario.TC_InventoryPage" name="ClickOnAddtoCartTshirtTestCase" time="0.058"/>
  <testcase classname="TestScenario.TC_InventoryPage" name="click_on_shopping_cart_link_TestCase" time="0.078"/>
  <testcase classname="TestScenario.TC_InventoryPage" name="click_on_checkout_TestCase" time="0.066"/>
  <testcase classname="TestScenario.TC_InventoryPage" name="sendFirstNameTestCase" time="0.098"/>
  <testcase classname="TestScenario.TC_InventoryPage" name="sendLastNameTestCase" time="0.096"/>
  <testcase classname="TestScenario.TC_InventoryPage" name="sendpostalcodeTestCase" time="0.089"/>
  <testcase classname="TestScenario.TC_InventoryPage" name="ClickOnContinueTestCase" time="0.082"/>
  <testcase classname="TestScenario.TC_InventoryPage" name="GetTotalBillInfoTestCase" time="0.359"/>
  <testcase classname="TestScenario.TC_InventoryPage" name="ClickOnfinishTestCase" time="0.083"/>
  <testcase classname="TestScenario.TC_InventoryPage" name="captureTheMessageTestCase" time="0.033"/>
  <testcase classname="TestScenario.TC_InventoryPage" name="ClickOnBacktoProductsTestCase" time="0.117"/>
  <testcase classname="TestBase.BaseClass" name="@BeforeTest setupDriver" time="0.0">
    <ignored/>
  </testcase> <!-- @BeforeTest setupDriver -->
  <testcase classname="TestBase.BaseClass" name="@AfterTest tearDown" time="0.0">
    <ignored/>
  </testcase> <!-- @AfterTest tearDown -->
</testsuite> <!-- Test search in Chrome -->
