<?xml version="1.0" encoding="UTF-8"?>
<!-- Generated by org.testng.reporters.JUnitXMLReporter -->
<testsuite ignored="0" hostname="mohal" failures="0" tests="3" name="Test search in Edge" time="0.018" errors="0" timestamp="2024-06-17T16:53:02 IST">
  <testcase classname="TestScenario.TC_LoginPage" name="clickOnUserNameTestCase" time="0.0">
    <skipped/>
  </testcase> <!-- clickOnUserNameTestCase -->
  <testcase classname="TestScenario.TC_LoginPage" name="clickOnPasswordTestCase" time="0.0">
    <skipped/>
  </testcase> <!-- clickOnPasswordTestCase -->
  <testcase classname="TestScenario.TC_LoginPage" name="clickOnLoginButtonTestCase" time="0.001">
    <skipped/>
  </testcase> <!-- clickOnLoginButtonTestCase -->
</testsuite> <!-- Test search in Edge -->
